# JRE version: Java(TM) SE Runtime Environment (9.0+181) (build 9+181)
# Java VM: Java HotSpot(TM) 64-Bit Server VM (9+181, mixed mode, tiered, compressed oops, g1 gc, windows-amd64)
Heap:
 garbage-first heap   total 454656K, used 58772K [0x00000006c0800000, 0x00000006c0900de0, 0x00000007c0000000)
  region size 1024K, 15 young (15360K), 15 survivors (15360K)
 Metaspace       used 19278K, capacity 20376K, committed 20480K, reserved 1067008K
  class space    used 2308K, capacity 2540K, committed 2560K, reserved 1048576K
GC Heap History (10 events):
Event: 65.214 GC heap after
{Heap after GC invocations=33 (full 0):
 garbage-first heap   total 378880K, used 54632K [0x00000006c0800000, 0x00000006c0900b90, 0x00000007c0000000)
  region size 1024K, 16 young (16384K), 16 survivors (16384K)
 Metaspace       used 19251K, capacity 20376K, committed 20480K, reserved 1067008K
  class space    used 2308K, capacity 2540K, committed 2560K, reserved 1048576K
}
Event: 65.875 GC heap before
{Heap before GC invocations=33 (full 0):
 garbage-first heap   total 378880K, used 265576K [0x00000006c0800000, 0x00000006c0900b90, 0x00000007c0000000)
  region size 1024K, 222 young (227328K), 16 survivors (16384K)
 Metaspace       used 19256K, capacity 20376K, committed 20480K, reserved 1067008K
  class space    used 2308K, capacity 2540K, committed 2560K, reserved 1048576K
}
Event: 65.882 GC heap after
{Heap after GC invocations=34 (full 0):
 garbage-first heap   total 378880K, used 55637K [0x00000006c0800000, 0x00000006c0900b90, 0x00000007c0000000)
  region size 1024K, 17 young (17408K), 17 survivors (17408K)
 Metaspace       used 19256K, capacity 20376K, committed 20480K, reserved 1067008K
  class space    used 2308K, capacity 2540K, committed 2560K, reserved 1048576K
}
Event: 65.932 GC heap before
{Heap before GC invocations=34 (full 0):
 garbage-first heap   total 378880K, used 265557K [0x00000006c0800000, 0x00000006c0900b90, 0x00000007c0000000)
  region size 1024K, 222 young (227328K), 17 survivors (17408K)
 Metaspace       used 19256K, capacity 20376K, committed 20480K, reserved 1067008K
  class space    used 2308K, capacity 2540K, committed 2560K, reserved 1048576K
}
Event: 65.940 GC heap after
{Heap after GC invocations=35 (full 0):
 garbage-first heap   total 378880K, used 56105K [0x00000006c0800000, 0x00000006c0900b90, 0x00000007c0000000)
  region size 1024K, 16 young (16384K), 16 survivors (16384K)
 Metaspace       used 19256K, capacity 20376K, committed 20480K, reserved 1067008K
  class space    used 2308K, capacity 2540K, committed 2560K, reserved 1048576K
}
Event: 66.583 GC heap before
{Heap before GC invocations=35 (full 0):
 garbage-first heap   total 378880K, used 267049K [0x00000006c0800000, 0x00000006c0900b90, 0x00000007c0000000)
  region size 1024K, 222 young (227328K), 16 survivors (16384K)
 Metaspace       used 19273K, capacity 20376K, committed 20480K, reserved 1067008K
  class space    used 2308K, capacity 2540K, committed 2560K, reserved 1048576K
}
Event: 66.592 GC heap after
{Heap after GC invocations=36 (full 0):
 garbage-first heap   total 378880K, used 57721K [0x00000006c0800000, 0x00000006c0900b90, 0x00000007c0000000)
  region size 1024K, 16 young (16384K), 16 survivors (16384K)
 Metaspace       used 19273K, capacity 20376K, committed 20480K, reserved 1067008K
  class space    used 2308K, capacity 2540K, committed 2560K, reserved 1048576K
}
Event: 66.637 GC heap before
{Heap before GC invocations=36 (full 0):
 garbage-first heap   total 378880K, used 268665K [0x00000006c0800000, 0x00000006c0900b90, 0x00000007c0000000)
  region size 1024K, 222 young (227328K), 16 survivors (16384K)
 Metaspace       used 19273K, capacity 20376K, committed 20480K, reserved 1067008K
  class space    used 2308K, capacity 2540K, committed 2560K, reserved 1048576K
}
Event: 66.644 GC heap after
{Heap after GC invocations=37 (full 0):
 garbage-first heap   total 378880K, used 58727K [0x00000006c0800000, 0x00000006c0900b90, 0x00000007c0000000)
  region size 1024K, 17 young (17408K), 17 survivors (17408K)
 Metaspace       used 19273K, capacity 20376K, committed 20480K, reserved 1067008K
  class space    used 2308K, capacity 2540K, committed 2560K, reserved 1048576K
}
Event: 67.297 GC heap before
{Heap before GC invocations=37 (full 0):
 garbage-first heap   total 378880K, used 268647K [0x00000006c0800000, 0x00000006c0900b90, 0x00000007c0000000)
  region size 1024K, 222 young (227328K), 17 survivors (17408K)
 Metaspace       used 19278K, capacity 20376K, committed 20480K, reserved 1067008K
  class space    used 2308K, capacity 2540K, committed 2560K, reserved 1048576K
}

