# JRE version: Java(TM) SE Runtime Environment (9.0+181) (build 9+181)
# Java VM: Java HotSpot(TM) 64-Bit Server VM (9+181, mixed mode, tiered, compressed oops, g1 gc, windows-amd64)
Heap:
 garbage-first heap   total 315392K, used 96037K [0x00000006c0800000, 0x00000006c09009a0, 0x00000007c0000000)
  region size 1024K, 72 young (73728K), 14 survivors (14336K)
 Metaspace       used 19635K, capacity 20792K, committed 20992K, reserved 1067008K
  class space    used 2314K, capacity 2544K, committed 2560K, reserved 1048576K
GC Heap History (10 events):
Event: 809.577 GC heap before
{Heap before GC invocations=14 (full 0):
 garbage-first heap   total 262144K, used 175634K [0x00000006c0800000, 0x00000006c0900800, 0x00000007c0000000)
  region size 1024K, 153 young (156672K), 11 survivors (11264K)
 Metaspace       used 19580K, capacity 20722K, committed 20992K, reserved 1067008K
  class space    used 2314K, capacity 2543K, committed 2560K, reserved 1048576K
}
Event: 809.584 GC heap after
{Heap after GC invocations=15 (full 0):
 garbage-first heap   total 262144K, used 31744K [0x00000006c0800000, 0x00000006c0900800, 0x00000007c0000000)
  region size 1024K, 12 young (12288K), 12 survivors (12288K)
 Metaspace       used 19580K, capacity 20722K, committed 20992K, reserved 1067008K
  class space    used 2314K, capacity 2543K, committed 2560K, reserved 1048576K
}
Event: 810.244 GC heap before
{Heap before GC invocations=15 (full 0):
 garbage-first heap   total 262144K, used 176128K [0x00000006c0800000, 0x00000006c0900800, 0x00000007c0000000)
  region size 1024K, 153 young (156672K), 12 survivors (12288K)
 Metaspace       used 19580K, capacity 20722K, committed 20992K, reserved 1067008K
  class space    used 2314K, capacity 2543K, committed 2560K, reserved 1048576K
}
Event: 810.250 GC heap after
{Heap after GC invocations=16 (full 0):
 garbage-first heap   total 262144K, used 32976K [0x00000006c0800000, 0x00000006c0900800, 0x00000007c0000000)
  region size 1024K, 11 young (11264K), 11 survivors (11264K)
 Metaspace       used 19580K, capacity 20722K, committed 20992K, reserved 1067008K
  class space    used 2314K, capacity 2543K, committed 2560K, reserved 1048576K
}
Event: 810.285 GC heap before
{Heap before GC invocations=16 (full 0):
 garbage-first heap   total 262144K, used 178384K [0x00000006c0800000, 0x00000006c0900800, 0x00000007c0000000)
  region size 1024K, 153 young (156672K), 11 survivors (11264K)
 Metaspace       used 19580K, capacity 20722K, committed 20992K, reserved 1067008K
  class space    used 2314K, capacity 2543K, committed 2560K, reserved 1048576K
}
Event: 810.292 GC heap after
{Heap after GC invocations=17 (full 0):
 garbage-first heap   total 262144K, used 34585K [0x00000006c0800000, 0x00000006c0900800, 0x00000007c0000000)
  region size 1024K, 11 young (11264K), 11 survivors (11264K)
 Metaspace       used 19580K, capacity 20722K, committed 20992K, reserved 1067008K
  class space    used 2314K, capacity 2543K, committed 2560K, reserved 1048576K
}
Event: 810.937 GC heap before
{Heap before GC invocations=17 (full 0):
 garbage-first heap   total 262144K, used 179993K [0x00000006c0800000, 0x00000006c0900800, 0x00000007c0000000)
  region size 1024K, 153 young (156672K), 11 survivors (11264K)
 Metaspace       used 19582K, capacity 20722K, committed 20992K, reserved 1067008K
  class space    used 2314K, capacity 2543K, committed 2560K, reserved 1048576K
}
Event: 810.945 GC heap after
{Heap after GC invocations=18 (full 0):
 garbage-first heap   total 315392K, used 36362K [0x00000006c0800000, 0x00000006c09009a0, 0x00000007c0000000)
  region size 1024K, 13 young (13312K), 13 survivors (13312K)
 Metaspace       used 19582K, capacity 20722K, committed 20992K, reserved 1067008K
  class space    used 2314K, capacity 2543K, committed 2560K, reserved 1048576K
}
Event: 924.835 GC heap before
{Heap before GC invocations=18 (full 0):
 garbage-first heap   total 315392K, used 211466K [0x00000006c0800000, 0x00000006c09009a0, 0x00000007c0000000)
  region size 1024K, 184 young (188416K), 13 survivors (13312K)
 Metaspace       used 19633K, capacity 20792K, committed 20992K, reserved 1067008K
  class space    used 2314K, capacity 2544K, committed 2560K, reserved 1048576K
}
Event: 924.842 GC heap after
{Heap after GC invocations=19 (full 0):
 garbage-first heap   total 315392K, used 37669K [0x00000006c0800000, 0x00000006c09009a0, 0x00000007c0000000)
  region size 1024K, 14 young (14336K), 14 survivors (14336K)
 Metaspace       used 19633K, capacity 20792K, committed 20992K, reserved 1067008K
  class space    used 2314K, capacity 2544K, committed 2560K, reserved 1048576K
}

